["```\r\n[INFO] BUILD FAILURE\r\n[INFO] ------------------------------------------------------------------------\r\n[ERROR] Failed to execute goal org.apache.maven.plugins:maven-compiler-plugin:3.8.0:compile\r\n  (default-compile) on project one: Compilation failure\r\n[ERROR] No compiler is provided in this environment. Perhaps you are running on a JRE rather than a JDK?\r\n```","```\r\n[INFO] ------------------------------------------------------------------------\r\n[INFO] BUILD SUCCESS\r\n[INFO] ------------------------------------------------------------------------\r\n```"]