["```\r\n@Test\r\npublic void thisDoesntCompile() {\r\n    baeldung;\r\n}\r\n```","```\r\nmvn package\r\n```","```\r\n[INFO] -------------------------------------------------------------\r\n[ERROR] COMPILATION ERROR :\r\n[INFO] -------------------------------------------------------------\r\n[ERROR] /Users/baeldung/skip-tests/src/test/java/com/antmordel/skiptests/PowServiceTest.java:[11,9] not a statement\r\n[INFO] 1 error\r\n```","```\r\nmvn -Dmaven.test.skip package\r\n```","```\r\n@Test\r\npublic void thisTestFails() {\r\n    fail(\"This is a failed test case\");\r\n}\r\n```","```\r\n[ERROR] Failures:\r\n[ERROR]   PowServiceTest.thisTestFails:16 This is a failed test case\r\n[INFO]\r\n[ERROR] Tests run: 2, Failures: 1, Errors: 0, Skipped: 0\r\n```","```\r\nmvn -DskipTests package\r\n```","```\r\n<properties>\r\n    <maven.test.skip>true</maven.test.skip>\r\n</properties>\r\n```","```\r\nmvn -Dmaven.test.skip=false package\r\n```","```\r\n<properties>\r\n    <tests.skip>true</tests.skip>\r\n</properties>\r\n<plugin>\r\n    <groupId>org.apache.maven.plugins</groupId>\r\n    <artifactId>maven-surefire-plugin</artifactId>\r\n    <version>2.22.2</version>\r\n    <configuration>\r\n        <skipTests>${tests.skip}</skipTests>\r\n    </configuration>\r\n</plugin>\r\n```","```\r\nmvn -Dtests.skip=false package\r\n```"]